2024-02-05 12:40:48,286 [DEBUG] Base de dados encontrada <shelve.DbfilenameShelf object at 0x0000023E63D80230>
2024-02-05 12:40:53,278 [DEBUG] Base de dados encontrada <shelve.DbfilenameShelf object at 0x0000023E63D27050>
2024-02-05 12:40:53,281 [DEBUG] Pegando o registro da chave 
2024-02-05 12:40:55,098 [DEBUG] Erro na função fetch_record(), chave  não encontrada
2024-02-05 12:41:00,692 [DEBUG] Base de dados encontrada <shelve.DbfilenameShelf object at 0x0000023E63D829F0>
2024-02-05 12:41:09,895 [DEBUG] Base de dados encontrada <shelve.DbfilenameShelf object at 0x0000023E63D82330>
2024-02-05 12:41:09,899 [DEBUG] Pegando o registro da chave 
2024-02-05 12:41:11,237 [DEBUG] Erro na função fetch_record(), chave  não encontrada
2024-02-05 15:26:04,515 [DEBUG] Base de dados encontrada <shelve.DbfilenameShelf object at 0x104f317f0>
2024-02-05 15:26:15,434 [DEBUG] Base de dados encontrada <shelve.DbfilenameShelf object at 0x104f315e0>
2024-02-05 15:26:15,435 [DEBUG] Pegando o registro da chave 'fabio'
2024-02-05 15:26:31,409 [DEBUG] Base de dados encontrada <shelve.DbfilenameShelf object at 0x104f32cf0>
2024-02-05 15:26:31,410 [DEBUG] Pegando o registro da chave 'fabio'
2024-02-05 15:26:38,676 [DEBUG] Base de dados encontrada <shelve.DbfilenameShelf object at 0x104edff20>
2024-02-05 15:26:45,489 [DEBUG] Base de dados encontrada <shelve.DbfilenameShelf object at 0x104f32ae0>
2024-02-05 15:26:45,489 [DEBUG] Pegando o registro da chave 'fabio'
2024-02-05 15:56:12,505 [DEBUG] Base de dados encontrada <shelve.DbfilenameShelf object at 0x101605df0>
2024-02-05 16:00:12,760 [DEBUG] Base de dados encontrada <shelve.DbfilenameShelf object at 0x104b43830>
2024-02-05 16:02:33,261 [DEBUG] Base de dados encontrada <shelve.DbfilenameShelf object at 0x1030700e0>
2024-02-05 16:05:06,240 [DEBUG] Base de dados encontrada <shelve.DbfilenameShelf object at 0x1016daf30>
2024-02-05 16:05:48,759 [DEBUG] Base de dados encontrada <shelve.DbfilenameShelf object at 0x10187b830>
2024-02-05 17:30:23,657 [DEBUG] Base de dados encontrada <shelve.DbfilenameShelf object at 0x102f2c0e0>
2024-02-05 17:49:55,842 [DEBUG] Base de dados encontrada <shelve.DbfilenameShelf object at 0x1057da210>
